<?xml version="1.0" encoding="UTF-8"?>
<!-- Generated by org.testng.reporters.JUnitReportReporter -->
<testsuite hostname="DESKTOP-1H5PBRD" failures="0" tests="2" name="com.facebookV1.testCases.LoginPageTC" time="0.700" errors="0" timestamp="2023-12-25T11:04:45 IST" skipped="0">
  <testcase classname="com.facebookV1.testCases.LoginPageTC" name="login" time="0.372"/>
  <testcase classname="com.facebookV1.testCases.LoginPageTC" name="login" time="0.328"/>
</testsuite> <!-- com.facebookV1.testCases.LoginPageTC -->
