<?xml version="1.0" encoding="UTF-8"?>
<!-- Generated by org.testng.reporters.JUnitReportReporter -->
<testsuite hostname="DESKTOP-1H5PBRD" failures="0" tests="3" name="com.facebookV1.testCases.OrangehrmLoginTC" time="21.078" errors="0" timestamp="2023-12-26T14:00:34 IST" skipped="0">
  <testcase classname="com.facebookV1.testCases.OrangehrmLoginTC" name="loginDDt" time="7.060"/>
  <testcase classname="com.facebookV1.testCases.OrangehrmLoginTC" name="loginDDt" time="6.977"/>
  <testcase classname="com.facebookV1.testCases.OrangehrmLoginTC" name="loginDDt" time="7.041"/>
</testsuite> <!-- com.facebookV1.testCases.OrangehrmLoginTC -->
