<?xml version="1.0" encoding="UTF-8"?>
<!-- Generated by org.testng.reporters.JUnitReportReporter -->
<testsuite hostname="DESKTOP-1H5PBRD" failures="0" tests="4" name="com.facebookV1.testCases.Validation" time="29.551" errors="0" timestamp="2023-12-25T16:11:47 IST" skipped="0">
  <testcase classname="com.facebookV1.testCases.Validation" name="login" time="0.345"/>
  <testcase classname="com.facebookV1.testCases.Validation" name="validating" time="13.095"/>
  <testcase classname="com.facebookV1.testCases.Validation" name="name" time="5.354"/>
  <testcase classname="com.facebookV1.testCases.Validation" name="nameSearch" time="10.757"/>
</testsuite> <!-- com.facebookV1.testCases.Validation -->
