<?xml version="1.0" encoding="UTF-8"?>
<!-- Generated by org.testng.reporters.JUnitReportReporter -->
<testsuite hostname="DESKTOP-1H5PBRD" failures="0" tests="4" name="com.facebookV1.testCases.FaceBook" time="32.263" errors="0" timestamp="2023-12-27T11:08:57 IST" skipped="0">
  <testcase classname="com.facebookV1.testCases.FaceBook" name="login" time="1.020"/>
  <testcase classname="com.facebookV1.testCases.FaceBook" name="validating" time="14.763"/>
  <testcase classname="com.facebookV1.testCases.FaceBook" name="name" time="5.402"/>
  <testcase classname="com.facebookV1.testCases.FaceBook" name="nameSearch" time="11.078"/>
</testsuite> <!-- com.facebookV1.testCases.FaceBook -->
