<?xml version="1.0" encoding="UTF-8"?>
<!-- Generated by org.testng.reporters.JUnitReportReporter -->
<testsuite hostname="DESKTOP-1H5PBRD" failures="0" tests="3" name="com.facebookV1.testCases.OrangehrmLoginTC" time="22.324" errors="0" timestamp="2023-12-27T11:08:57 IST" skipped="0">
  <testcase classname="com.facebookV1.testCases.OrangehrmLoginTC" name="loginDDt" time="7.672"/>
  <testcase classname="com.facebookV1.testCases.OrangehrmLoginTC" name="loginDDt" time="7.451"/>
  <testcase classname="com.facebookV1.testCases.OrangehrmLoginTC" name="loginDDt" time="7.201"/>
</testsuite> <!-- com.facebookV1.testCases.OrangehrmLoginTC -->
